<?xml version="1.0" encoding="UTF-8"?>
<!-- Generated by org.testng.reporters.JUnitReportReporter -->
<testsuite skipped="0" hostname="dell" name="net.rtcamp.qa.testCases.EditProfile" tests="1" failures="0" timestamp="13 Aug 2019 03:44:40 GMT" time="8.251" errors="0">
  <testcase name="editProfileImage" time="8.251" classname="net.rtcamp.qa.testCases.EditProfile"/>
</testsuite> <!-- net.rtcamp.qa.testCases.EditProfile -->
