<?xml version="1.0" encoding="UTF-8"?>
<!-- Generated by org.testng.reporters.JUnitReportReporter -->
<testsuite skipped="0" hostname="dell" name="net.rtcamp.qa.testCases.LoginTest" tests="4" failures="0" timestamp="13 Aug 2019 00:44:21 GMT" time="20.339" errors="0">
  <testcase name="loginSuccessTestTemp" time="3.951" classname="net.rtcamp.qa.testCases.LoginTest"/>
  <testcase name="loginFailTest" time="1.392" classname="net.rtcamp.qa.testCases.LoginTest"/>
  <testcase name="loginSuccessTest" time="12.984" classname="net.rtcamp.qa.testCases.LoginTest"/>
  <testcase name="logout" time="2.012" classname="net.rtcamp.qa.testCases.LoginTest"/>
</testsuite> <!-- net.rtcamp.qa.testCases.LoginTest -->
