<?xml version="1.0" encoding="UTF-8"?>
<!-- Generated by org.testng.reporters.JUnitReportReporter -->
<testsuite skipped="0" hostname="dell" name="net.rtcamp.qa.testCases.LoginTest" tests="2" failures="0" timestamp="12 Aug 2019 14:33:24 GMT" time="22.414" errors="0">
  <testcase name="loginSuccessTest" time="7.056" classname="net.rtcamp.qa.testCases.LoginTest"/>
  <testcase name="gotoHomePage" time="15.358" classname="net.rtcamp.qa.testCases.LoginTest"/>
</testsuite> <!-- net.rtcamp.qa.testCases.LoginTest -->
