<?xml version="1.0" encoding="UTF-8"?>
<!-- Generated by org.testng.reporters.JUnitReportReporter -->
<testsuite skipped="0" hostname="dell" name="net.rtcamp.qa.testCases.LoginTest" tests="4" failures="0" timestamp="13 Aug 2019 03:44:40 GMT" time="15.808" errors="0">
  <testcase name="logout" time="2.578" classname="net.rtcamp.qa.testCases.LoginTest"/>
  <testcase name="loginSuccessTestTemp" time="3.323" classname="net.rtcamp.qa.testCases.LoginTest"/>
  <testcase name="loginSuccessTest" time="8.466" classname="net.rtcamp.qa.testCases.LoginTest"/>
  <testcase name="loginFailTest" time="1.441" classname="net.rtcamp.qa.testCases.LoginTest"/>
</testsuite> <!-- net.rtcamp.qa.testCases.LoginTest -->
