<?xml version="1.0" encoding="UTF-8"?>
<!-- Generated by org.testng.reporters.JUnitReportReporter -->
<testsuite skipped="0" hostname="dell" name="net.rtcamp.qa.testCases.UpdateMediaStatusPost" tests="1" failures="0" timestamp="13 Aug 2019 00:44:21 GMT" time="2.292" errors="0">
  <testcase name="updateMediaImagesPost" time="2.292" classname="net.rtcamp.qa.testCases.UpdateMediaStatusPost"/>
</testsuite> <!-- net.rtcamp.qa.testCases.UpdateMediaStatusPost -->
